CRITICAL - 2025-06-23 04:46:52 --> ErrorException: Undefined variable $categorias
[Method: GET, Route: gestion/altaProducto]
in APPPATH/Views/pages/gestion/altaProducto.php on line 79.
 1 APPPATH/Views/pages/gestion/altaProducto.php(79): CodeIgniter\Debug\Exceptions->errorHandler(2, 'Undefined variable $categorias', '/opt/lampp/htdocs/proyecto_Navarnica/app/Views/pages/gestion/altaProducto.php', 79)
 2 SYSTEMPATH/View/View.php(224): include('/opt/lampp/htdocs/proyecto_Navarnica/app/Views/pages/gestion/altaProducto.php')
 3 SYSTEMPATH/View/View.php(227): CodeIgniter\View\View->CodeIgniter\View\{closure}()
 4 SYSTEMPATH/Common.php(1173): CodeIgniter\View\View->render('pages/gestion/altaProducto', [], true)
 5 APPPATH/Controllers/Gestion.php(94): view('pages/gestion/altaProducto')
 6 SYSTEMPATH/CodeIgniter.php(933): App\Controllers\Gestion->altaProducto()
 7 SYSTEMPATH/CodeIgniter.php(507): CodeIgniter\CodeIgniter->runController(Object(App\Controllers\Gestion))
 8 SYSTEMPATH/CodeIgniter.php(354): CodeIgniter\CodeIgniter->handleRequest(null, Object(Config\Cache), false)
 9 SYSTEMPATH/Boot.php(334): CodeIgniter\CodeIgniter->run()
10 SYSTEMPATH/Boot.php(67): CodeIgniter\Boot::runCodeIgniter(Object(CodeIgniter\CodeIgniter))
11 FCPATH/index.php(56): CodeIgniter\Boot::bootWeb(Object(Config\Paths))
CRITICAL - 2025-06-23 04:46:55 --> ErrorException: Undefined variable $categorias
[Method: GET, Route: gestion/altaProducto]
in APPPATH/Views/pages/gestion/altaProducto.php on line 79.
 1 APPPATH/Views/pages/gestion/altaProducto.php(79): CodeIgniter\Debug\Exceptions->errorHandler(2, 'Undefined variable $categorias', '/opt/lampp/htdocs/proyecto_Navarnica/app/Views/pages/gestion/altaProducto.php', 79)
 2 SYSTEMPATH/View/View.php(224): include('/opt/lampp/htdocs/proyecto_Navarnica/app/Views/pages/gestion/altaProducto.php')
 3 SYSTEMPATH/View/View.php(227): CodeIgniter\View\View->CodeIgniter\View\{closure}()
 4 SYSTEMPATH/Common.php(1173): CodeIgniter\View\View->render('pages/gestion/altaProducto', [], true)
 5 APPPATH/Controllers/Gestion.php(94): view('pages/gestion/altaProducto')
 6 SYSTEMPATH/CodeIgniter.php(933): App\Controllers\Gestion->altaProducto()
 7 SYSTEMPATH/CodeIgniter.php(507): CodeIgniter\CodeIgniter->runController(Object(App\Controllers\Gestion))
 8 SYSTEMPATH/CodeIgniter.php(354): CodeIgniter\CodeIgniter->handleRequest(null, Object(Config\Cache), false)
 9 SYSTEMPATH/Boot.php(334): CodeIgniter\CodeIgniter->run()
10 SYSTEMPATH/Boot.php(67): CodeIgniter\Boot::runCodeIgniter(Object(CodeIgniter\CodeIgniter))
11 FCPATH/index.php(56): CodeIgniter\Boot::bootWeb(Object(Config\Paths))
CRITICAL - 2025-06-23 04:47:19 --> ErrorException: Undefined variable $categorias
[Method: GET, Route: gestion/altaProducto]
in APPPATH/Views/pages/gestion/altaProducto.php on line 79.
 1 APPPATH/Views/pages/gestion/altaProducto.php(79): CodeIgniter\Debug\Exceptions->errorHandler(2, 'Undefined variable $categorias', '/opt/lampp/htdocs/proyecto_Navarnica/app/Views/pages/gestion/altaProducto.php', 79)
 2 SYSTEMPATH/View/View.php(224): include('/opt/lampp/htdocs/proyecto_Navarnica/app/Views/pages/gestion/altaProducto.php')
 3 SYSTEMPATH/View/View.php(227): CodeIgniter\View\View->CodeIgniter\View\{closure}()
 4 SYSTEMPATH/Common.php(1173): CodeIgniter\View\View->render('pages/gestion/altaProducto', [], true)
 5 APPPATH/Controllers/Gestion.php(94): view('pages/gestion/altaProducto')
 6 SYSTEMPATH/CodeIgniter.php(933): App\Controllers\Gestion->altaProducto()
 7 SYSTEMPATH/CodeIgniter.php(507): CodeIgniter\CodeIgniter->runController(Object(App\Controllers\Gestion))
 8 SYSTEMPATH/CodeIgniter.php(354): CodeIgniter\CodeIgniter->handleRequest(null, Object(Config\Cache), false)
 9 SYSTEMPATH/Boot.php(334): CodeIgniter\CodeIgniter->run()
10 SYSTEMPATH/Boot.php(67): CodeIgniter\Boot::runCodeIgniter(Object(CodeIgniter\CodeIgniter))
11 FCPATH/index.php(56): CodeIgniter\Boot::bootWeb(Object(Config\Paths))
